Drill Listing
=============
Drill: .012  Tool: 1  Feed: 95  Speed: 300
X 893500  Y 1005000
X 893500  Y 993500
X 893500  Y 1015000
X 897500  Y 1009500
X 898000  Y 1000000
X 902500  Y 1008000
X 903500  Y 993500
X 905500  Y 1018000
X 905500  Y 1012500
X 909500  Y 1000500
X 911500  Y 1012500
X 913500  Y 993500
X 916500  Y 1007000
X 917500  Y 1000500
X 921500  Y 1015500
X 922500  Y 993500
X 925000  Y 1000000
X 928000  Y 1008500
X 931000  Y 1016000
X 931500  Y 993500
X 936500  Y 1003000
X 938000  Y 1011000
X 940500  Y 993500
X 942000  Y 1017000
X 945500  Y 1000500
X 946500  Y 1011500
X 949500  Y 993500
X 954000  Y 1006000
X 955000  Y 999000
X 958500  Y 1013000
X 959500  Y 993500
X 965000  Y 1001000
X 967000  Y 1011500
X 969500  Y 993500
X 975500  Y 1001000
X 977000  Y 1011500
X 979500  Y 993500
X 985500  Y 1001000
X 987500  Y 1009500
X 989000  Y 993500
X 989500  Y 1016500
X 993500  Y 1000500
X 995000  Y 1015500
X 995500  Y 1007500
X 998000  Y 993500
X 1008500  Y 993500
X 1015000  Y 1018000
X 1017000  Y 993500
X 1026500  Y 993500
X 1036000  Y 993500
X 1045000  Y 993500
X 1054500  Y 993500
X 1058000  Y 1006000
X 1059000  Y 1017500
X 1064000  Y 1012500
X 1064500  Y 993500
X 1066000  Y 1005500
X 1073500  Y 993500
X 1075000  Y 1009500
X 1077500  Y 1001000
X 1080000  Y 1015000
X 1081500  Y 993500
X 1084000  Y 1005500
X 1088000  Y 993500
X 1092000  Y 1010500
X 1095500  Y 1006500
X 1095500  Y 993500
X 1101000  Y 1016500
X 1105000  Y 993500
X 1106000  Y 1007000
X 1113000  Y 1012500
X 1114500  Y 993500
X 1120500  Y 1007500
X 1122000  Y 1014500
X 1123500  Y 993500
X 1129500  Y 1016000
X 1132000  Y 993500
X 1135000  Y 1007500
X 1141000  Y 993500
X 1143500  Y 1012000
X 1146500  Y 998000
X 1147500  Y 1003000
X 1152500  Y 1008000
X 1156000  Y 1037500
X 1156000  Y 1026500
X 1146000  Y 1037000
X 1146000  Y 1027500
X 1140000  Y 1020000
X 1137000  Y 1037500
X 1134000  Y 1026500
X 1128500  Y 1038000
X 1126000  Y 1031500
X 1121500  Y 1021500
X 1120000  Y 1032500
X 1116000  Y 1039500
X 1113500  Y 1027000
X 1109000  Y 1020500
X 1105500  Y 1040000
X 1102000  Y 1022500
X 1102000  Y 1033000
X 1098500  Y 1040500
X 1094000  Y 1033000
X 1087500  Y 1022500
X 1085500  Y 1032500
X 1084500  Y 1040000
X 1083000  Y 1022500
X 1077500  Y 1032500
X 1077500  Y 1041000
X 1075500  Y 1021500
X 1067500  Y 1024000
X 1067500  Y 1034000
X 1064500  Y 1041500
X 1058000  Y 1026500
X 1056000  Y 1037000
X 1052000  Y 1020500
X 1048000  Y 1030500
X 1042500  Y 1036500
X 1042000  Y 1023000
X 1039500  Y 1043000
X 1033500  Y 1032000
X 1031500  Y 1041500
X 1025500  Y 1036000
X 1021500  Y 1043000
X 1020000  Y 1031000
X 1013000  Y 1041500
X 1009500  Y 1031000
X 1003500  Y 1039000
X 998000  Y 1031000
X 995000  Y 1042000
X 994000  Y 1031000
X 989500  Y 1031000
X 989500  Y 1019500
X 985000  Y 1037500
X 981500  Y 1030000
X 979500  Y 1036500
X 977000  Y 1020000
X 963000  Y 1020500
X 962500  Y 1033500
X 960500  Y 1037000
X 960500  Y 1041000
X 953500  Y 1020000
X 949500  Y 1028500
X 949000  Y 1037000
X 949000  Y 1041000
X 946500  Y 1023500
X 942000  Y 1029000
X 941000  Y 1034000
X 937000  Y 1023500
X 935500  Y 1031000
X 933000  Y 1042500
X 929500  Y 1031000
X 929500  Y 1042500
X 926000  Y 1042500
X 925000  Y 1023500
X 922000  Y 1034000
X 920000  Y 1040500
X 917500  Y 1022500
X 916000  Y 1040500
X 915500  Y 1024000
X 913500  Y 1033000
X 903500  Y 1034000
X 893500  Y 1024500
X 893500  Y 1033500
X 893500  Y 1044000
X 893500  Y 1063000
X 893500  Y 1053500
X 897500  Y 1060500
X 902500  Y 1067500
X 906000  Y 1060000
X 909000  Y 1046000
X 910000  Y 1060000
X 912000  Y 1057500
X 913000  Y 1048500
X 915000  Y 1065500
X 919000  Y 1065500
X 931000  Y 1061000
X 931000  Y 1051000
X 936000  Y 1056000
X 941000  Y 1061000
X 941000  Y 1051000
X 948000  Y 1046000
X 954000  Y 1064500
X 955000  Y 1055500
X 955000  Y 1060000
X 958000  Y 1050000
X 958000  Y 1045000
X 965500  Y 1043500
X 967000  Y 1065500
X 968000  Y 1051000
X 974500  Y 1046000
X 975500  Y 1050000
X 977500  Y 1063000
X 981500  Y 1063000
X 988500  Y 1050000
X 992000  Y 1065500
X 993500  Y 1050000
X 1000000  Y 1050000
X 1001000  Y 1060000
X 1006500  Y 1050000
X 1013500  Y 1050000
X 1013500  Y 1060000
X 1014000  Y 1068000
X 1020000  Y 1063000
X 1022500  Y 1050000
X 1026500  Y 1060000
X 1027000  Y 1065500
X 1032500  Y 1050000
X 1033000  Y 1063000
X 1039500  Y 1060000
X 1041000  Y 1068000
X 1041500  Y 1050000
X 1046000  Y 1063000
X 1047000  Y 1044500
X 1051000  Y 1050000
X 1051500  Y 1060500
X 1055000  Y 1066500
X 1059000  Y 1052500
X 1059000  Y 1046000
X 1063500  Y 1058000
X 1064500  Y 1046000
X 1067500  Y 1062500
X 1067500  Y 1053000
X 1077500  Y 1049500
X 1077500  Y 1058000
X 1077500  Y 1068000
X 1083000  Y 1054500
X 1086000  Y 1064000
X 1090000  Y 1044500
X 1091500  Y 1055000
X 1095000  Y 1064000
X 1098000  Y 1050000
X 1105000  Y 1063500
X 1105500  Y 1048000
X 1105500  Y 1056000
X 1115500  Y 1051500
X 1116000  Y 1061500
X 1121000  Y 1049000
X 1121000  Y 1044500
X 1121000  Y 1053500
X 1121000  Y 1058500
X 1125000  Y 1065000
X 1137000  Y 1064500
X 1138500  Y 1058000
X 1139500  Y 1050500
X 1147000  Y 1055500
X 1147500  Y 1063500
X 1148000  Y 1045000
X 1156000  Y 1068000
X 1156000  Y 1048000
X 1156000  Y 1058000
X 1156000  Y 1087000
X 1156000  Y 1077500
X 1150500  Y 1091500
X 1149000  Y 1082500
X 1149000  Y 1072500
X 1141000  Y 1072000
X 1135500  Y 1077000
X 1134500  Y 1070000
X 1125000  Y 1068500
X 1125000  Y 1078000
X 1123500  Y 1072500
X 1116500  Y 1071000
X 1116000  Y 1090000
X 1115500  Y 1078000
X 1107000  Y 1068500
X 1105500  Y 1089000
X 1104500  Y 1075000
X 1102500  Y 1079500
X 1102500  Y 1084000
X 1099000  Y 1071500
X 1097000  Y 1088000
X 1095000  Y 1081500
X 1089500  Y 1073500
X 1087000  Y 1086000
X 1084500  Y 1079500
X 1077500  Y 1078500
X 1076500  Y 1086000
X 1069500  Y 1086000
X 1064500  Y 1069500
X 1064000  Y 1074000
X 1061000  Y 1092000
X 1060500  Y 1076500
X 1058000  Y 1083000
X 1050500  Y 1072500
X 1049500  Y 1088500
X 1044500  Y 1078500
X 1039500  Y 1085500
X 1038500  Y 1074000
X 1034000  Y 1083000
X 1033500  Y 1090000
X 1027500  Y 1082500
X 1026000  Y 1073000
X 1019500  Y 1078500
X 1018500  Y 1088500
X 1012000  Y 1083500
X 1006500  Y 1076000
X 1004500  Y 1084500
X 1002500  Y 1093000
X 1002000  Y 1068500
X 997500  Y 1078000
X 992000  Y 1093000
X 991500  Y 1085000
X 989500  Y 1074000
X 981000  Y 1070500
X 979000  Y 1080500
X 978000  Y 1087500
X 973500  Y 1075000
X 970000  Y 1089000
X 968000  Y 1081500
X 961000  Y 1084000
X 960500  Y 1093000
X 957000  Y 1073000
X 954000  Y 1080000
X 951000  Y 1077000
X 951000  Y 1073000
X 948000  Y 1068500
X 948000  Y 1090500
X 938000  Y 1080500
X 937000  Y 1069500
X 934000  Y 1090500
X 934000  Y 1080500
X 926000  Y 1070500
X 924500  Y 1081500
X 920000  Y 1081500
X 918000  Y 1088000
X 916000  Y 1081500
X 899000  Y 1081500
X 893500  Y 1082000
X 893500  Y 1092500
X 893500  Y 1072000
X 893500  Y 1116000
X 893500  Y 1104000
X 900000  Y 1109500
X 900500  Y 1097500
X 907000  Y 1103000
X 908000  Y 1114000
X 908000  Y 1093500
X 913500  Y 1097000
X 914000  Y 1112500
X 918000  Y 1115500
X 920000  Y 1106500
X 924000  Y 1094500
X 924500  Y 1116000
X 927500  Y 1108000
X 928500  Y 1096500
X 931500  Y 1113500
X 934500  Y 1100500
X 934500  Y 1104500
X 940500  Y 1116000
X 943000  Y 1100500
X 943000  Y 1108500
X 947500  Y 1107000
X 951500  Y 1111500
X 952000  Y 1106000
X 952000  Y 1115000
X 954500  Y 1118000
X 957000  Y 1099000
X 959500  Y 1117000
X 965000  Y 1098500
X 966000  Y 1115000
X 966000  Y 1111000
X 969500  Y 1104000
X 972000  Y 1095500
X 975000  Y 1108000
X 977500  Y 1104000
X 978000  Y 1117500
X 980500  Y 1115000
X 980500  Y 1095500
X 987000  Y 1099000
X 998500  Y 1099000
X 1002000  Y 1105000
X 1002500  Y 1118000
X 1009000  Y 1114500
X 1011500  Y 1095000
X 1012000  Y 1105500
X 1017000  Y 1116000
X 1021000  Y 1098500
X 1021500  Y 1107500
X 1025500  Y 1093500
X 1026500  Y 1117500
X 1026500  Y 1104000
X 1038000  Y 1109000
X 1047500  Y 1109000
X 1056000  Y 1109000
X 1064000  Y 1109000
X 1064000  Y 1112500
X 1064000  Y 1117000
X 1066000  Y 1104000
X 1069500  Y 1104000
X 1074500  Y 1096500
X 1077000  Y 1117000
X 1077000  Y 1112500
X 1079000  Y 1106500
X 1082000  Y 1097000
X 1086500  Y 1099000
X 1089500  Y 1111500
X 1092500  Y 1103500
X 1092500  Y 1118000
X 1100500  Y 1095500
X 1102500  Y 1112500
X 1102500  Y 1102000
X 1105500  Y 1097000
X 1105500  Y 1108500
X 1105500  Y 1116500
X 1115500  Y 1109000
X 1115500  Y 1097500
X 1122000  Y 1094000
X 1123000  Y 1113000
X 1130000  Y 1104500
X 1132500  Y 1113500
X 1138500  Y 1094000
X 1142500  Y 1112500
X 1143000  Y 1095000
X 1149000  Y 1102000
X 1149000  Y 1116000
X 1156000  Y 1115500
X 1156000  Y 1106000
X 1156000  Y 1097000
X 1151000  Y 1139500
X 1146500  Y 1143000
X 1141500  Y 1134500
X 1141000  Y 1123000
X 1137500  Y 1141500
X 1134500  Y 1130500
X 1131500  Y 1122000
X 1127500  Y 1138500
X 1126500  Y 1127000
X 1123500  Y 1121500
X 1121000  Y 1134000
X 1115500  Y 1127500
X 1115500  Y 1118500
X 1115500  Y 1136500
X 1105500  Y 1124500
X 1105500  Y 1132500
X 1102500  Y 1121000
X 1102500  Y 1138500
X 1102500  Y 1129500
X 1092500  Y 1135500
X 1092500  Y 1143000
X 1089500  Y 1123500
X 1089500  Y 1128000
X 1085000  Y 1120000
X 1084500  Y 1142500
X 1084500  Y 1125500
X 1083000  Y 1133500
X 1078000  Y 1143000
X 1076000  Y 1135500
X 1075500  Y 1125500
X 1070000  Y 1130500
X 1066500  Y 1140500
X 1064000  Y 1121500
X 1060500  Y 1128500
X 1058000  Y 1138500
X 1053500  Y 1125500
X 1049000  Y 1142000
X 1048000  Y 1128500
X 1043500  Y 1125500
X 1041500  Y 1140000
X 1034500  Y 1136000
X 1028000  Y 1126500
X 1025500  Y 1137000
X 1020000  Y 1125500
X 1015000  Y 1133500
X 1012500  Y 1122500
X 1009500  Y 1143000
X 1008000  Y 1128000
X 1003000  Y 1140500
X 1003000  Y 1124500
X 997500  Y 1119000
X 997000  Y 1136500
X 997000  Y 1140000
X 997000  Y 1128500
X 985500  Y 1136500
X 985500  Y 1141500
X 985500  Y 1128500
X 975000  Y 1141000
X 975000  Y 1128000
X 968500  Y 1134500
X 962000  Y 1141000
X 962000  Y 1128000
X 951000  Y 1121000
X 950500  Y 1129000
X 949500  Y 1138500
X 949500  Y 1126000
X 948500  Y 1119000
X 947500  Y 1136000
X 947500  Y 1141000
X 946000  Y 1122500
X 944500  Y 1143000
X 942000  Y 1122500
X 939000  Y 1130500
X 936500  Y 1125500
X 936500  Y 1140500
X 923000  Y 1126000
X 910500  Y 1138500
X 910500  Y 1130500
X 910500  Y 1122000
X 906000  Y 1124000
X 901000  Y 1131000
X 900500  Y 1121500
X 900500  Y 1141000
X 893500  Y 1126500
X 893500  Y 1136500
X 893500  Y 1157000
X 893500  Y 1147000
X 893500  Y 1167000
X 898000  Y 1166500
X 903500  Y 1150500
X 909000  Y 1144500
X 916000  Y 1149500
X 925000  Y 1143500
X 930500  Y 1163000
X 930500  Y 1155000
X 933500  Y 1148000
X 934500  Y 1167000
X 937500  Y 1151500
X 938000  Y 1158500
X 942000  Y 1157500
X 944000  Y 1161500
X 949500  Y 1143500
X 950500  Y 1150000
X 950500  Y 1164500
X 951000  Y 1154000
X 955000  Y 1158000
X 955000  Y 1154000
X 963000  Y 1161000
X 967000  Y 1167000
X 968000  Y 1162000
X 968500  Y 1152000
X 973000  Y 1162000
X 976500  Y 1167000
X 985500  Y 1157000
X 989000  Y 1158500
X 994500  Y 1158500
X 995500  Y 1166000
X 996500  Y 1152500
X 997000  Y 1144000
X 1001500  Y 1157500
X 1002500  Y 1147500
X 1007500  Y 1152500
X 1009500  Y 1165500
X 1022500  Y 1153000
X 1028000  Y 1165500
X 1038500  Y 1165500
X 1043500  Y 1155000
X 1049500  Y 1165500
X 1050000  Y 1160500
X 1054000  Y 1155500
X 1056000  Y 1145500
X 1059000  Y 1165000
X 1064500  Y 1161000
X 1065500  Y 1152000
X 1069000  Y 1151000
X 1073500  Y 1152500
X 1075500  Y 1161000
X 1082000  Y 1157000
X 1082000  Y 1164500
X 1090000  Y 1150000
X 1090000  Y 1157000
X 1095000  Y 1166000
X 1096000  Y 1148500
X 1099500  Y 1160000
X 1105000  Y 1148000
X 1106000  Y 1166500
X 1113000  Y 1143500
X 1113500  Y 1151000
X 1113500  Y 1161000
X 1120500  Y 1155500
X 1121500  Y 1165000
X 1121500  Y 1144500
X 1126500  Y 1166000
X 1129000  Y 1149000
X 1129000  Y 1160500
X 1136000  Y 1166500
X 1138000  Y 1157500
X 1139000  Y 1148500
X 1146500  Y 1163000
X 1146500  Y 1153500
X 1146500  Y 1173000
X 1146500  Y 1183000
X 1139000  Y 1176000
X 1135000  Y 1185000
X 1129500  Y 1175000
X 1125500  Y 1185000
X 1118500  Y 1175500
X 1114500  Y 1186000
X 1109000  Y 1178500
X 1103500  Y 1185000
X 1101000  Y 1175500
X 1093500  Y 1183500
X 1089000  Y 1175000
X 1083000  Y 1183500
X 1075500  Y 1169000
X 1074500  Y 1184500
X 1069000  Y 1175500
X 1065500  Y 1179000
X 1062000  Y 1189500
X 1058000  Y 1175500
X 1053000  Y 1180500
X 1049000  Y 1175500
X 1042500  Y 1183000
X 1040000  Y 1175500
X 1033000  Y 1175500
X 1025500  Y 1181500
X 1024500  Y 1175500
X 1016500  Y 1172500
X 1011000  Y 1184500
X 1009500  Y 1176500
X 1003500  Y 1176500
X 1003500  Y 1169500
X 1002500  Y 1184500
X 989000  Y 1184000
X 989000  Y 1170000
X 985000  Y 1177500
X 979500  Y 1184500
X 978000  Y 1177000
X 978000  Y 1171000
X 969500  Y 1185500
X 956000  Y 1188500
X 953000  Y 1179500
X 951000  Y 1172500
X 941500  Y 1186500
X 939000  Y 1192000
X 933500  Y 1186000
X 931500  Y 1176500
X 929000  Y 1192000
X 928500  Y 1181000
X 922500  Y 1180000
X 916000  Y 1191000
X 904500  Y 1187000
X 893500  Y 1177000
X 893500  Y 1187000
X 893500  Y 1196500
X 904000  Y 1196500
X 914500  Y 1196500
X 923500  Y 1196500
X 933000  Y 1196500
X 942500  Y 1196500
X 951500  Y 1196500
X 960500  Y 1196500
X 970500  Y 1196500
X 979500  Y 1196500
X 989000  Y 1196500
X 998000  Y 1196500
X 1007500  Y 1196500
X 1017000  Y 1196500
X 1024500  Y 1196500
X 1033500  Y 1196500
X 1042500  Y 1196500
X 1052500  Y 1196500
X 1062000  Y 1196500
X 1071000  Y 1196500
X 1080000  Y 1196500
X 1089000  Y 1196500
X 1099000  Y 1196500
X 1108000  Y 1196500
X 1118000  Y 1196500
X 1127000  Y 1196500
X 1135500  Y 1196500
X 1146500  Y 1196500

Drill: .038  Tool: 2  Feed: 197  Speed: 550
X 1000000  Y 1000000
X 1010000  Y 1000000
X 1020000  Y 1000000
X 1030000  Y 1000000
X 1040000  Y 1000000
X 1040000  Y 1012500
X 1050000  Y 1000000
X 1050000  Y 1012500
X 1060000  Y 1000000
X 1070000  Y 1000000
X 1090000  Y 1000000
X 1100000  Y 1000000
X 1110000  Y 1000000
X 1120000  Y 1000000
X 1130000  Y 1000000
X 1140000  Y 1000000
X 1140000  Y 1190000
X 1130000  Y 1190000
X 1120000  Y 1190000
X 1110000  Y 1190000
X 1100000  Y 1190000
X 1090000  Y 1190000
X 1080000  Y 1190000
X 1070000  Y 1190000
X 1054000  Y 1190000
X 1044000  Y 1190000
X 1034000  Y 1190000
X 1024000  Y 1190000
X 1014000  Y 1190000
X 1004000  Y 1190000
X 994000  Y 1190000
X 984000  Y 1190000
X 974000  Y 1190000
X 964000  Y 1190000

Drill: .039  Tool: 3  Feed: 197  Speed: 550
X 909000  Y 1180500
X 913000  Y 1160500
X 917000  Y 1180500

Drill: .059  Tool: 4  Feed: 107  Speed: 550
X 1130500  Y 1093500

Drill: .063  Tool: 5  Feed: 89  Speed: 550
X 1120500  Y 1083500
X 1120500  Y 1103500
X 1140500  Y 1083500
X 1140500  Y 1103500

Drill: .0935  Tool: 6  Feed: 66  Speed: 550
X 903000  Y 1160500
X 923000  Y 1160500
X 923000  Y 1173000
X 903000  Y 1173000

Drill: .125  Tool: 7  Feed: 35  Speed: 794
X 1151811  Y 1017559
X 1151811  Y 1127795

End of Listing
