*PADS-PCB*
*PART*
C1     0402
C2     0402
C3     0402
C4     0402
C5     0402
C6     0402
C7     0402
C8     0402
C9     0402
C10    0402
C11    0402
C12    0402
C13    0402
C14    0402
C15    0402
C16    0402
C17    0402
C18    0402
C19    0402
C20    0402
C21    0402
C22    0402
C23    0402
C24    0402
C25    0402
C26    0402
C27    0402
C28    0402
C29    0402
C30    0402
C31    0402
C32    0402
C33    0402
C34    0402
C35    0402
C36    0402
C37    0402
C38    0402
C39    0402
C40    0402
C41    0402
C42    0402
C43    0402
C44    0402
C45    0402
C46    0402
C47    0402
C48    0402
C49    0402
C50    0402
C51    0402
C52    0402
C53    0402
C54    0402
C55    0402
C56    0402
C57    0402
C58    0402
C59    0402
C60    0402
C61    0402
C62    0402
C63    0402
C64    0402
C65    0402
C66    0402
C67    0402
C68    0402
C69    0402
C70    0402
C71    0402
C72    0402
C73    0402
C74    0402
C75    0402
C76    0402
C77    0402
C78    0402
C79    0402
C80    0402
C81    0402
C82    0402
C83    0402
D1     0603
D2     0603
D3     0603
D4     0603
D5     0603
H1     Header 10x1 8.5mm
H2     Header 8x1 8.5mm
H3     Header 8x1 8.5mm
H4     Header 6x1 8.5mm
L1     0402
L2     0402
L3     0402
L4     0402
L5     0402
L6     0402
L7     0402
L8     0402
L9     0402
L10    0402
L11    0402
L12    0402
L13    0402
L14    0402
L15    0402
L16    0402
L17    0402
L18    0402
L19    0402
L20    0402
L21    0402
P1     HDR1X2
P2     
P3     
P4     SMB_V-RJ45
P5     
R1     0402
R2     0402
R3     0402
R4     0402
R5     0402
R6     0402
R7     0402
R10    0402
R11    0402
R13    0402
R14    0402
R16    0402
R17    0402
R18    0402
R19    0402
R21    0402
R22    0402
R24    0402
R25    0402
R26    0402
R27    0402
R28    0402
R29    0402
U1     
U2     
U3     
U4     
U5     
U6     
U7     ADG918
U8     QFN50P500X500-32VBN
U9     FOX924
U10    
U11    
U12    ADG918
U13    
U14    
Y1     
*END*
